<?xml version="1.0" encoding="UTF-8"?>
<coverage generated="1692713407389" clover="3.2.0">
  <project timestamp="1692713407389" name="All files">
    <metrics statements="6" coveredstatements="4" conditionals="9" coveredconditionals="3" methods="2" coveredmethods="1" elements="17" coveredelements="8" complexity="0" loc="6" ncloc="6" packages="1" files="1" classes="1"/>
    <file name="CheckboxInput.jsx" path="C:\Users\ao-tl\Documents\Trabajo\INTEIA-Huella-carbono-front\src\components\molecules\checkbox\CheckboxInput.jsx">
      <metrics statements="6" coveredstatements="4" conditionals="9" coveredconditionals="3" methods="2" coveredmethods="1"/>
      <line num="3" count="1" type="cond" truecount="0" falsecount="3"/>
      <line num="4" count="1" type="stmt"/>
      <line num="6" count="1" type="stmt"/>
      <line num="7" count="0" type="stmt"/>
      <line num="8" count="0" type="stmt"/>
      <line num="11" count="1" type="stmt"/>
    </file>
  </project>
</coverage>
