{"C:\\Users\\ao-tl\\Documents\\Trabajo\\INTEIA-Huella-carbono-front\\src\\components\\molecules\\checkbox\\CheckboxInput.jsx": {"path":"C:\\Users\\ao-tl\\Documents\\Trabajo\\INTEIA-Huella-carbono-front\\src\\components\\molecules\\checkbox\\CheckboxInput.jsx","statementMap":{"0":{"start":{"line":3,"column":29},"end":{"line":22,"column":1}},"1":{"start":{"line":4,"column":48},"end":{"line":4,"column":67}},"2":{"start":{"line":6,"column":27},"end":{"line":9,"column":5}},"3":{"start":{"line":7,"column":8},"end":{"line":7,"column":43}},"4":{"start":{"line":8,"column":8},"end":{"line":8,"column":40}},"5":{"start":{"line":11,"column":4},"end":{"line":21,"column":6}}},"fnMap":{"0":{"name":"(anonymous_0)","decl":{"start":{"line":3,"column":29},"end":{"line":3,"column":30}},"loc":{"start":{"line":3,"column":129},"end":{"line":22,"column":1}},"line":3},"1":{"name":"(anonymous_1)","decl":{"start":{"line":6,"column":27},"end":{"line":6,"column":28}},"loc":{"start":{"line":6,"column":33},"end":{"line":9,"column":5}},"line":6}},"branchMap":{"0":{"loc":{"start":{"line":3,"column":55},"end":{"line":3,"column":72}},"type":"default-arg","locations":[{"start":{"line":3,"column":70},"end":{"line":3,"column":72}}],"line":3},"1":{"loc":{"start":{"line":3,"column":74},"end":{"line":3,"column":94}},"type":"default-arg","locations":[{"start":{"line":3,"column":90},"end":{"line":3,"column":94}}],"line":3},"2":{"loc":{"start":{"line":3,"column":96},"end":{"line":3,"column":111}},"type":"default-arg","locations":[{"start":{"line":3,"column":109},"end":{"line":3,"column":111}}],"line":3},"3":{"loc":{"start":{"line":12,"column":24},"end":{"line":12,"column":87}},"type":"cond-expr","locations":[{"start":{"line":12,"column":41},"end":{"line":12,"column":53}},{"start":{"line":12,"column":57},"end":{"line":12,"column":86}}],"line":12},"4":{"loc":{"start":{"line":12,"column":57},"end":{"line":12,"column":86}},"type":"binary-expr","locations":[{"start":{"line":12,"column":57},"end":{"line":12,"column":70}},{"start":{"line":12,"column":74},"end":{"line":12,"column":86}}],"line":12},"5":{"loc":{"start":{"line":14,"column":46},"end":{"line":14,"column":77}},"type":"cond-expr","locations":[{"start":{"line":14,"column":63},"end":{"line":14,"column":72}},{"start":{"line":14,"column":75},"end":{"line":14,"column":77}}],"line":14}},"s":{"0":1,"1":1,"2":1,"3":0,"4":0,"5":1},"f":{"0":1,"1":0},"b":{"0":[0],"1":[0],"2":[0],"3":[0,1],"4":[1,0],"5":[0,1]},"_coverageSchema":"1a1c01bbd47fc00a2c39e90264f33305004495a9","hash":"a91be708d9a58b2ddbc5b411e2f0cbf8d3ce1ba1"}
}
